[##################################################] 114608388/114608388
__NO_VERB_FOUND: 106495799
aborting: 39
adding: 10
advancing: 1542
archiving: 8
assuming: 5
attempting: 49
blocking: 512
caching: 365423
calling: 631
cbsexecutestateresolvepending: 29
changing: 220
checking: 87
cleaning: 107
clearing: 503
completing: 11328
continuing: 8
creating: 2328
deleting: 36
destroying: 26569
disablewerreporting: 8
disabling: 911
during: 313
enabling: 158
ending: 1447
ensuring: 4
entering: 32
evaluating: 3216103
executing: 3878
existing: 3694
expecting: 162224
extracting: 393
failing: 322892
finishing: 2
generating: 8
going: 83
ignoring: 766
incrementing: 152
initializing: 462944
installing: 1171810
intending: 7
loading: 2580
locking: 4
marking: 255
microsoft-windows-scripting: 1
migrating: 282
missing: 9
neing: 308
nesting: 327
obtaining: 51
opening: 393
originating: 14
packageextending: 202780
passing: 1
pending: 353
performing: 25740
processing: 4253
providing: 3116
queuing: 62
relating: 335058
removing: 49
reporting: 741
requesting: 836
requiring: 35
resolving: 25472
restoring: 511
resulting: 351739
resuming: 1
retrying: 36
returning: 111
running: 33
saving: 503
servicing: 110
setting: 1709
shutting: 36
signaling: 209
skipping: 80980
staging: 1168948
starting: 1538
string: 1
submitting: 74
supersinging: 88900
suspending: 1
switching: 7
system.printing: 1
terminating: 33
trying: 386
turning: 5
uninstalling: 3638
unloading: 2576
unlocking: 4
unpinning: 35
unprojecting: 2613
unstaging: 21
using: 438
waiting: 606
working: 1287
{'CBS': 114283463, 'CSI': 133268, '00000017': 5, 'DPX': 5442, '0': 55284, '8': 55642, '(NULL)': 305, '6.1.7601.23545': 98, '6.1.7601.23538': 31, '11.2.9600.18499': 171, '6.1.7601.23543': 58, '7.1.7601.23545': 5, '6.3.9600.18499': 3, '6.1.7601.23548': 5, '1.0.7601.23545': 4, '1.1.7601.23545': 3, '6.1.7601.23544': 4, '6.1.7601.23542': 13, '6.1.7601.23564': 2, '6.1.7601.23564,': 14, '6.1.7601.23539,': 174, '6.1.7601.23542,': 9, '6.1.7601.18912,': 112, '6.1.7601.23543,': 67, '6.1.7601.23545,': 35, '6.1.7601.19113,': 9, '6.1.7601.17514,': 153, '6.1.7601.23541': 26, 'SD': 366, 'CULTURE=NEUTRAL,': 1222, '6.1.7601.23541,': 14, '11.2.9600.18499,': 4, 'SERVICE': 22, '6.1.7601.23546': 14, '6.1.7601.23': 4, 'COMMAND': 21, '[140]"CURRENTLY': 22, 'COMPLETED': 22, '6.1.7601.23546,': 2, 'COMMAND"': 46, '6.1.7601.23733': 9, '6.1.7601.23714': 131, '6.1.7601.23715': 18, '7.6.7601.23735': 41, '6.1.7601.23713': 5, '6.1.7601.23735': 2, '1.0.7601.23721': 5, '6.1.7601.23739': 5, '1.1.7601.23721': 4, '6.1.7601.23717': 35, '6.1.7601.23721': 2, '6.1.7601.23709': 6, '7.1.7601.23713': 2, '6.': 7, '6.1.7601.23714,': 67, '6.1.7601.23677,': 136, '6.1.7601.23721,': 4, '6.1.7601.23418,': 299, '11.2.9600.18638': 173, '11.2.9600': 6, '6.1.7601.23741': 2, '6.3.9600.18638': 3, '11.': 2, '6.1.7601.23716': 26, '6.1.7601.23742': 2, '6.1.': 9, '6.1.7601.23717,': 2, '6.1.7600.16385,': 862, '6.1.7601.237': 1, '11.2.9600.18638,': 4, ']': 40, '7.1.7601.23713,': 2, ',': 28, '6.1.7601.23716,': 2, 'SXS': 132, '1': 16, '7.1.7600.16394': 11, '7.': 1, '7.1.7600.16394,': 5, 'IDENTITY': 1, '6.1.7601.18270': 6, '6.1.7601.18496': 9, '6.1.7601.18496,': 82, '6.1.7601.18443,': 16, '11.2.9600.17207': 137, '11.2.9600.172': 1, '11.2.9600.1720': 1, '6.3.9600.17207': 2, '6.1.7601.18489': 38, '6.1.7601.18489,': 84, '6.1.7601.18272,': 5, '6.1.7601.18501': 2, '6.1.7601.18512': 15, '6.1.7601.18493': 16, 'EXPECTED:': 6, '6.1.7601.18512,': 4, '11.2.9600.17207,': 8, '6.1.7601.18523': 698, '6.1.7601.1': 3, '6.1.7601.185': 2, '6.1.7601.18523,': 70, '6.1.7601.18532': 79, '6.1.7601.18640': 5, '6.1.7601.18577': 7, '7.2.7601.18585': 2, '7.1.7601.18519': 2, '11.2.9600.17239': 143, '11.2.9600.': 3, '6.3.9600.17239': 1, '6.1.7601.18637': 18, '6.1.7601.18635': 3, '6.1.7601.18540': 30, '6.1.7601.18526': 5, '6.1.7601.18526,': 6, '6.1.7601.18540,': 34, '6.1.7601.17830,': 33, '6.1.7601.18645': 2, '6.1.7601.18586': 19, '6.1.7601.18606': 29, '6.1.7601.18606,': 86, '6.1.7601.18656': 14, '6.1.7601.18517': 2, '6.1.7601.18619': 4, '6.1.7601.18584': 2, '6.1.7601.18648': 2, '7.1.7601.18581': 5, '6.1.7601.18658': 7, '6.1.7601.18637,': 82, '6.1.7601.18510': 1, '6.1.7601.18510,': 33, '6.1.7601.18228,': 19, '6.1.7601.18556': 8, '6.1.7601.': 4, '6.1.7601.18611': 2, '11.2.9600.17501': 148, '6.3.9600.17501': 2, '11.2.960': 2, '6.1.7601.18658,': 19, '6.1.7601.18576': 2, '7.1.7601.18658': 3, '1.0.7601.18658': 4, '6.1.7601.18529': 52, '7.1.7601.18516': 2, '6.1.76': 4, '6.1.7601.18514': 54, '6.2.7601.18514': 3, '6.1.7601': 3, '6': 8, '6.1.7601.18546': 2, '6.1.7601.18305': 17, '6.1.7601.18529,': 14, '7.1.7601.18519,': 8, '6.1.7601.18532,': 10, '6.1.7601.18586,': 4, '11.2.9600.17501,': 14, '7.1.7601.18581,': 2, '6.1.7601.18619,': 2, '6.1.7601.18656,': 2, '6.1.7601.18635,': 2, '11.2.9600.17509': 2, '11.2.9600.17509,': 4, '6.1.7601.18528': 30, '6.1.7601.18528,': 2, 'RU-RU': 3, '7.6.7600.320': 28, '7.1.7601.18742': 3, '11.2.9600.17691': 429, '6.3.9600.17691': 6, '11.2.9600.17': 3, '11.2.9600.176': 3, '6.1.7601.18714': 24, '6.1.7601.18714,': 4, '6.1.7601.18229': 2, '6.1.7601.18715': 5, '6.1.7601.18715,': 2, '6.1.7601.18409,': 34, '6.1.7601.18717': 23, '6.1.7601.18717,': 32, '6.1.7601.18686': 2, '6.1.7601.18773': 3, '7.1.7601.18741': 3, '6.1.7601.18741': 121, '1.0.7601.18741': 4, '6.1.7601.18731': 3, '6.1.7601.18679': 3, '7.2.7601.18699': 1, '6.1.7601.18779': 25, '6.1.7601.18779,': 66, '6.1.7601.18706': 2, '6.1.7601.18706,': 14, '6.1.7601.18201,': 28, '6.1.7601.18': 2, '6.1.7601.18685': 3, '6.1.7601.18738': 19, '6.1.7601.18738,': 18, '6.1.7601.18229,': 24, '7.1.7601.18740': 1, '11.2.9600.17633': 53, '6.3.9600.17633': 1, '6.1.7601.18741,': 222, '6.1.7601.17556,': 6, '6.1.7601.18768': 3, '11.2.9600.17691,': 4, '7.1.7601.18740,': 2, '/NOFONTS"': 5, '[248]"BITLOCKERUPDATE:': 4, 'IS': 5, 'ENCRYPTION': 5, 'WAS': 5, '6.1.7601.18713': 25, 'SD"': 232, '6.1.7601.18713,': 2, '6.1.7601.18762': 6, 'LT': 1, '[289]"REPLACING': 1, "'DEFAULT'": 11, "'S-1-5-18'": 15, "'S-1-5-19'": 15, "'S-1-5-20'": 15, "'S-1-5-21-66984749-4273220538-1046456269-500'": 15, '6.1.7601.18777': 17, '6.1.7601.18777,': 33, '11.2.9600.17728': 150, '6.3.9600.17728': 2, '6.1.7601.18758': 29, '6.1.7601.18772': 1, '6.1.7601.18798': 57, '6.1.7601.18798,': 260, '6.1.7601.18247,': 44, '6.1.7601.18782': 2, '6.1.7601.18778': 3, '6.1.7601.18796': 4, '7.6.7601.18804': 38, '6.1.7601.18804': 2, '7.6.7601.1880': 1, '6.1.7601.18766': 4, '6.1.7601.18758,': 8, '11.2.9600.17728,': 4, '6.1.7601.18803': 27, '6.1.7600.16385': 5697, '6.1.7601.17514': 520, '6.0.7600.16385': 4, '6.1.7601.175': 1, '7.0.7600.16385': 32, '6.1.7600.1': 7, '8.0.7600.16385': 16, '7.5.7601.17514': 10, '8.0.7601.17514': 2, '6.1.7600.16': 2, '6.1.7601.1751': 1, '3.5.7601.17514': 2, '6.1.7600.163': 1, '6.1.7600.1638': 4, '3.5.7600.16385': 2, '6.1.7600': 4, '6.1': 12, 'VERSION': 146, '6.1.7': 9, '6.1.7600.': 1, '6.1.7601.17571': 1, '6.1.7601.18076': 4, 'SCHEDULER"': 6, '6.1.7601.18803,': 6, 'CULTURE=ZH-CN,': 463, 'CULTURE=ZH-HK,': 91, 'CULTURE=ZH-TW,': 371, 'MEMBERSHIP"': 488, '7.0.7600.16385,': 6, 'DRIVERS"': 2, 'INSTALLER"': 30, 'PROTECTION"': 22, '/MUI': 4, '6.1.7601.18246': 3, '6.1.7601.18205': 3, '6.1.7601.18409': 5, '6.1.7601.18151': 13, '6.1.7601.18276': 5, '6.1.7601.17577': 7, '6.1.7601.18150': 3, '6.1.7601.18222': 5, '6.1.7601.18386': 7, '6.1.7601.18015': 15, '6.1.7601.17803': 6, '6.1.7601.17966': 27, '6.1.7601.17952': 9, '6.1.7601.18020': 5, '6.1.7601.17755': 5, '6.1.7601.17932': 3, '6.1.7601.17965': 7, '6.1.7601.17964': 8, '6.1.7601.17940': 1, '6.1.7601.18332': 5, '7.1.7601.16398': 16, '6.1.7601.18277': 7, '6.1.7601.18410': 24, '7.2.7601.16415': 15, '7.2.7601.16415,': 8, '6.1.7601.18103': 3, '6.1.7601.18839': 110, '6.1.7601.18839,': 170, '6.1.7601.17970': 5, '6.1.7601.18027': 3, '6.1.7601.17750': 1, '7.2.7601.18361': 5, '6.1.7601.18842': 28, '6.1.7601.18842,': 14, '6.1.7601.18763': 29, '6.1.7601.18763,': 6, '6.1.7601.18764': 9, '6.1.7601.18764,': 2, '6.1.7601.18815': 7, '6.0.7601.18807': 3, '7.1.7601.18834': 5, '1.1.7601.18834': 4, '1.0.7601.18834': 3, '6.1.7601.18834': 6, '6.1.7601.18829': 1, '11.2.9600.17801': 153, '6.3.9600.17801': 2, '6.1.7601.18843': 2, '6.1.7601.18833': 20, '6.1.7601.18812': 12, '6.1.7601.18828': 1, '7.6.7601.18847': 40, '6.1.7601.18847': 15, '11.2.9600.17843': 151, '6.3.9600.17843': 2, '11.2.9': 4, '6.1.7601.18869': 3, '6.1.7601.18837': 3, '6.0.7601.18837': 4, '5.82.7601.18837': 4, '6.1.7601.18840': 2, '6.1.7601.18848': 1, '=': 88, '1.0.7601.18852': 4, '1.1.7601.18852': 3, '6.1.7601.18917': 19, '7.6.7601.18908': 39, '6.1.7601.18908': 2, '6.1.7601.18909': 42, '6.1.7601.18909,': 12, '6.1.7601.17605,': 64, '6.1.7601.17647,': 32, '6.1.7601.18914': 3, '6.1.7601.18896': 21, '6.1.7601.18912': 49, '6.1.7601.18915': 2, '7.2.7601.18892': 4, '11.2.9600.17914': 153, '11.2.96': 4, '6.3.9600.17914': 2, '11.2.9600.17923': 16, '11.2.9600.17918': 2, '6.1.7601.18898': 3, '6.1.7601.18906': 16, '7.1.7601.18880': 1, '7.6.7601.18917': 40, '6.1.7601.18872': 2, '6.1.7601.18923': 111, '6.1.7601.18942': 9, '7.6.7601.18937': 40, '6.1.7601.18937': 2, '6.1.7601.18944': 10, '6.1.7601.18918': 2, '6.1.7601.18946': 40, '7.1.7601.18946': 8, '1.1.7601.18946': 3, '1.0.7601.18946': 4, '11.2.9600.17959': 152, '6.3.9600.17959': 2, '11.2.9600.1795': 1, '6.1.7601.18923,': 35, '6.1.7601.18933': 75, '6.1.7601.18933,': 65, '6.1.7601.1894': 1, '7.2.7601.18934': 4, '6.1.7601.18939': 71, '6.1.7601.18939,': 78, '6.1.7601.18946,': 14, '11.2.9600.17959,': 4, '6.1.7601.18840,': 4, '7.1.7601.18880,': 2, '6.1.7601.18944,': 6, '11.2.9600.17963': 2, '7.6.7601.18979': 120, '6.1.7601.18979': 6, '6.1.7601.18980': 5, '6.1.7601.18985': 7, '6.1.7601.18950': 16, '6.1.7601.18950,': 40, '11.2.9600.18015': 151, '6.3.9600.18015': 3, '11.2.9600.18': 3, '11.2.9600.1801': 1, '6.1.7601.18968': 1, '6.1.7601.18951': 54, '6.1.7601.18977': 1, '6.1.7601.18968,': 2, '11.2.9600.18015,': 4, '6.1.7601.18951,': 24, '6.1.7601.19010': 9, '6.1.7601.19010,': 4, '7.6.7601.19016': 120, '6.1.7601.19016': 6, '6.1.7601.18833,': 16, '6.1.7601.19021': 23, '6.1.7601.19021,': 27, '6.1.7601.19018': 53, '6.1.7601.19007': 13, '6.1.7601.19018,': 106, '6.1.7601.1901': 4, '6.1.7601.19007,': 20, '6.1.760': 4, '11.2.9600.18059': 164, '6.3.9600.18059': 3, '6.1.7601.18984': 4, '6.1.7601.18952': 8, '6.1.7601.18984,': 4, '11.2.9600.18059,': 4, '7.6.7601.19046': 120, '6.1.7601.19046': 6, '6.1.7601.19025': 14, '6.1.7601.19025,': 2, '6.1.7601.19030': 1, '6.1.7601.19030,': 9, '6.1.7601.17939,': 9, '6.1.7601.19050': 15, '6.1.7601.19031': 3, '6.1.7601.19031,': 14, '6.1.7601.19045': 67, '6.1.7601.19045,': 208, '11.2.9600.18097': 163, '6.3.9600.18097': 3, '11.2.': 1, '6.1.7601.19043': 10, '6.1.7601.19044': 10, '1.1.7601.19054': 4, '6.1.7601.19054': 8, '1.0.7601.19054': 4, '6.1.7601.19027': 43, '11.2.9600.18097,': 4, '6.1.7601.19027,': 2, '6.1.7601.19050,': 3, 'AZ-LATN-AZ': 4, '7.6.7601.19077': 120, '6.1.7601.19077': 6, '11.2.9600.18124': 164, '6.3.9600.18124': 3, '6.1.7601.19062': 2, '6.1.7601.19028': 26, '6.1.7601.19055': 17, '6.1.7601.19055,': 12, '6.1.7601.19061': 11, '7.1.7601.19061': 5, '1.1.7601.19061': 4, '1.0.7601.19061': 3, '6.1.7601.19028,': 14, '6.1.7601.19061,': 2, '11.2.9600.18124,': 4, '6.1.7601.19110': 67, '6.1.7601.19110,': 286, '6.1.7601.19091': 116, '11.2.9600.18163': 167, '6.3.9600.18163': 3, '7.1.7601.19091': 3, '6.1.7601.19105': 5, '6.1.7601.19073': 2, '6.1.7601.19091,': 20, '7.1.7601.19091,': 8, '11.2.9600.18163,': 4, '6.1.7601.19106': 126, '6.1.7601.19106,': 2, '6.1.7601.19135': 215, '6.1.7601.19135,': 286, '6.1.7601.19131': 38, '6.1.7601.19113': 4, '7.1.7601.19107': 1, '7.6.7601.19116': 40, '6.1.7601.19116': 3, '11.2.9600.18204': 172, '6.3.9600.18204': 2, '11.2.9600.18211': 25, '11': 1, '6.1.7601.19112': 7, '6.1.7601.19108': 9, '6.1.7601.19108,': 2, '11.2.9600.18211,': 4, '7.1.7601.19107,': 2, '6.1.7601.19131,': 4, '6.1.7601.19116,': 20, '6.1.7601.18378,': 20, '6.1.7601.19164': 11, '7.6.7601.19161': 40, '6.1.7601.19161': 2, '6.1.7601.19144': 38, '6.1.7601.19148': 3, '6.1.7601.19146': 17, '6.1.7601.19145': 5, '6.1.7601.19160': 83, '6.1.7601.19160,': 182, '11.2.9600.18230': 172, '6.3.9600.18230': 3, '11.2': 1, '6.1.7601.19146,': 19, '6.1.7601.19142': 17, '6.1.7601.19143': 1, '6.1.7601.23403': 11, '6.1.7601.23412': 11, '6.1.7601.19144,': 16, '11.2.9600.18230,': 8, '6.1.7601.19148,': 4, '[244]"BITLOCKERUPDATE:': 1, '11.2.9600.18282': 516, '6.3.9600.18282': 9, '6.1.7601.23387': 15, '6.1.7601.23392': 137, '1.1.7601.23407': 4, '1.0.7601.23407': 3, '6.1.7601.23407': 4, '6.1.7601.23392,': 425, '6.1.7601.2339': 1, '6.1.7601.23391': 28, '6.1.7601.233': 1, '6.1.7601.23390': 26, '6.1.7601.23373': 2, '11.2.9600.18282,': 4, '6.1.7601.23387,': 2, '6.1.7601.23390,': 4, '6.1.7601.23375': 11, '5.1.7601.23375': 9, '6.1.7601.23418': 134, '7.1.7601.23418': 2, '6.1.7601.2341': 7, '11.2.9600.18314': 171, '6.3.9600.18314': 3, '6.1.7601.23415': 5, '6.1.7601.23369': 9, '7.1.7601.23432': 3, '6.1.7601.23432': 1, '6.1.7601.23434': 1, '11.2.9600.18349': 169, '6.3.9600.18349': 3, '6.1.7601.23457': 3, '6.1.7601.23452': 121, '6.1.7601.23451': 10, '5.1.7601.23451': 3, '6.1.7601.23451,': 16, '7.0.7601.23451': 3, '6.1.7601.23453': 5, '6.1.7601.23452,': 18, '6.1.7601.23455': 111, '6.1.7601.23446': 22, '7.6.7601.23453': 32, '6.1.7601.23455,': 137, '6.1.7601.23488': 22, '6.1.7601.23434,': 2, '6.1.7601.23369,': 2, '11.2.9600.18349,': 4, '6.1.7601.23488,': 2, '6.1.7601.23471': 90, '6.1.7601.23461': 9, '11.2.9600.18376': 170, '6.3.9600.18376': 3, '6.1.7601.23461,': 4, '11.2.9600.18376,': 4, '6.1.7601.23471,': 19, '6.1.7601.23497': 73, '11.2.9600.18426': 172, '6.3.9600.18426': 3, '1.1.7601.23508': 3, '6.1.7601.23497,': 58, '6.1.7601.23491': 6, '6.1.7601.23496': 7, '6.1.7601.23496,': 12, '6.1.7601.18438,': 3, '6.1.7601.18327,': 6, '6.1.7601.17964,': 3, '11.2.9600.18426,': 4, '6.1.7601.23512': 12, '6.1.7601.23528': 7, '6.1.7601.23539': 113, '6.1.7601.2353': 3, '11.2.9600.18449': 171, '6.3.9600.18449': 2, '6.1.7601.23517': 19, '6.1.7601.23529': 22, '6.1.7601.234': 5, '6.1.7601.17567': 1, '6.1.7601.23537': 20, '6.1.7601.23511': 14, '11.2.9600.18449,': 4, '6.1.7601.23537,': 4, '6.1.7601.23517,': 6, '6.1.7601.23512,': 2, '6.1.7601.23511,': 2, 'EN-CA': 1, '[2123]"INFO:': 1, 'DID': 82, "'S-1-5-21-66984749-4273220538-1046456269-1008'": 14, 'OPTION': 1, '6.1.7601.23529,': 3, '[1536]"INFO:': 1, '[3072]"INFO:': 1, '6.1.7601.23505': 3, '6.1.7601.23571': 64, '11.2.9600.18524': 172, '7.1.7601.23572': 5, '6.1.7601.23572': 233, '6.1.7601.23569': 87, '6.3.9600.18524': 3, '6.1.7601.23584': 4, '6.1.7601.23573': 3, '6.1.7601.23587': 5, '6.1.7601.23567': 2, '11.2.9600.1852': 1, '6.1.7601.23569,': 22, '6.1.7601.23571,': 8, '6.1.7601.23572,': 101, '6.1.7601.23567,': 4, '6.1.7601.17565,': 4, '6.1.7601.23563': 36, '6.1.7601.23566': 31, '6.1.7601.23563,': 18, '7.1.7601.23572,': 2, '11.2.9600.18524,': 4, 'BE-BY': 1, '[512]"INFO:': 1, '6.1.7601.23601': 65, '11.2.9600.18537': 176, '6.1.7601.23598': 2, '6.1.7601.23591': 8, '6.1.7601.23593': 39, '6.1.7601.23594': 5, '6.1.7601.23585': 4, '6.1.7601.23615': 2, '6.3.9600.18537': 3, '6.1.7601.23601,': 29, '6.1.7601.23598,': 3, '6.1.7601.23614': 36, '6.1.7601.23614,': 18, '11.2.9600.18537,': 4, '6.1.7601.23593,': 2, '6.1.7601.23642': 64, '6.1.7601.23642,': 32, '6.1.7601.23670': 10, '6.1.7601.23699': 11, '6.1.7601.23677': 140, '11.2.9600.18617': 176, '6.1.7601.23656': 10, '6.1.7601.23689': 22, '6.3.9600.18617': 3, '6.1.7601.23688': 12, '1.1.7601.23688': 5, '7.1.7601.23688': 4, '6.1.7601.23674': 3, '6.1.7601.23648': 2, '6.1.7601.23651': 3, '7.1.7601.23675': 2, '1.0.7601.23688': 5, '6.1.7601.23710': 2, '6.1.7601.23643': 3, '7.1.7601.23675,': 2, '11.2.9600.18617,': 4, '6.1.7601.23689,': 2, '11.2.9600.18620': 6, '7.6.7601.23714': 40, '6.1.7601.23692': 5, '7.6.7601': 1}
Batched data into 200 files